#-----------------------------------------------------------
# Vivado v2018.2 (64-bit)
# SW Build 2258646 on Thu Jun 14 20:03:12 MDT 2018
# IP Build 2256618 on Thu Jun 14 22:10:49 MDT 2018
# Start of session at: Thu Jul 28 00:02:46 2022
# Process ID: 20004
# Current directory: D:/Sahiru/Lab9/NanoProcessor/NanoProcessor
# Command line: vivado.exe -gui_launcher_event rodinguilauncherevent13852 D:\Sahiru\Lab9\NanoProcessor\NanoProcessor\NanoProcessor.xpr
# Log file: D:/Sahiru/Lab9/NanoProcessor/NanoProcessor/vivado.log
# Journal file: D:/Sahiru/Lab9/NanoProcessor/NanoProcessor\vivado.jou
#-----------------------------------------------------------
start_gui
open_project D:/Sahiru/Lab9/NanoProcessor/NanoProcessor/NanoProcessor.xpr
Scanning sources...
Finished scanning sources
INFO: [IP_Flow 19-234] Refreshing IP repositories
INFO: [IP_Flow 19-1704] No user IP repositories specified
INFO: [IP_Flow 19-2313] Loaded Vivado IP repository 'D:/ufisuyh/Vivado/2018.2/data/ip'.
update_compile_order -fileset sources_1
move_files -fileset sim_1 [get_files  {{D:/Sahiru/LabFiles/New folder/L7/L7.srcs/sources_1/imports/sources_1/imports/new/Slow_Clk.vhd}}]
update_compile_order -fileset sim_1
exit
INFO: [Common 17-206] Exiting Vivado at Thu Jul 28 00:05:34 2022...
