INFO: [VRFC 10-163] Analyzing VHDL file "D:/Sahiru/Lab9/NanoProcessor/NanoProcessor/NanoProcessor.srcs/sources_1/imports/Sahiru/Lab9/Pamudu/3-bit adder/3-bit adder.srcs/sources_1/new/Adder_3_bit.vhd" into library xil_defaultlib
INFO: [VRFC 10-307] analyzing entity Adder_3_bit
INFO: [VRFC 10-163] Analyzing VHDL file "D:/Sahiru/Lab9/NanoProcessor/NanoProcessor/NanoProcessor.srcs/sources_1/imports/Sahiru/Lab9/Pamudu/Program Counter/programcounter.srcs/sources_1/new/D_FF.vhd" into library xil_defaultlib
INFO: [VRFC 10-307] analyzing entity D_FF
INFO: [VRFC 10-163] Analyzing VHDL file "D:/Sahiru/Lab9/NanoProcessor/NanoProcessor/NanoProcessor.srcs/sources_1/imports/Sahiru/LabFiles/New folder/Lab4/Lab4.srcs/sources_1/new/Decode_3_to_8.vhd" into library xil_defaultlib
INFO: [VRFC 10-307] analyzing entity Decode_3_to_8
INFO: [VRFC 10-163] Analyzing VHDL file "D:/Sahiru/Lab9/NanoProcessor/NanoProcessor/NanoProcessor.srcs/sources_1/imports/Sahiru/LabFiles/New folder/Lab4/Lab4.srcs/sources_1/new/Decoder_2_to_4.vhd" into library xil_defaultlib
INFO: [VRFC 10-307] analyzing entity Decoder_2_to_4
INFO: [VRFC 10-163] Analyzing VHDL file "D:/Sahiru/Lab9/NanoProcessor/NanoProcessor/NanoProcessor.srcs/sources_1/imports/Sahiru/LabFiles/New folder/Lab3/Lab3.srcs/sources_1/new/FA.vhd" into library xil_defaultlib
INFO: [VRFC 10-307] analyzing entity FA
INFO: [VRFC 10-163] Analyzing VHDL file "D:/Sahiru/Lab9/NanoProcessor/NanoProcessor/NanoProcessor.srcs/sources_1/imports/Sahiru/Lab9/Pamudu/3-bit adder/3-bit adder.srcs/sources_1/new/HA.vhd" into library xil_defaultlib
INFO: [VRFC 10-307] analyzing entity HA
INFO: [VRFC 10-163] Analyzing VHDL file "D:/Sahiru/Lab9/NanoProcessor/NanoProcessor/NanoProcessor.srcs/sources_1/imports/Sahiru/LabFiles/New folder/L7/L7.srcs/sources_1/new/LUT_16_7.vhd" into library xil_defaultlib
INFO: [VRFC 10-307] analyzing entity LUT_16_7
INFO: [VRFC 10-163] Analyzing VHDL file "D:/Sahiru/Lab9/NanoProcessor/NanoProcessor/NanoProcessor.srcs/sources_1/imports/Sahiru/Lab9/NanoProcessor/ProgramRom/ProgramRom.srcs/sources_1/new/LUT_8_12.vhd" into library xil_defaultlib
INFO: [VRFC 10-307] analyzing entity LUT_8_12
INFO: [VRFC 10-163] Analyzing VHDL file "D:/Sahiru/Lab9/NanoProcessor/NanoProcessor/NanoProcessor.srcs/sources_1/imports/Sahiru/Lab9/NanoProcessor/Lab9_10/Lab9_10.srcs/sources_1/new/Mux_2_to_1.vhd" into library xil_defaultlib
INFO: [VRFC 10-307] analyzing entity Mux_2_to_1
INFO: [VRFC 10-163] Analyzing VHDL file "D:/Sahiru/Lab9/NanoProcessor/NanoProcessor/NanoProcessor.srcs/sources_1/imports/Sahiru/Lab9/NanoProcessor/Lab9_10/Lab9_10.srcs/sources_1/new/Mux_2way_3bit.vhd" into library xil_defaultlib
INFO: [VRFC 10-307] analyzing entity Mux_2way_3bit
INFO: [VRFC 10-163] Analyzing VHDL file "D:/Sahiru/Lab9/NanoProcessor/NanoProcessor/NanoProcessor.srcs/sources_1/imports/Sahiru/Lab9/NanoProcessor/Mux2way4bit/Mux2way4bit.srcs/sources_1/new/Mux_2way_4bit.vhd" into library xil_defaultlib
INFO: [VRFC 10-307] analyzing entity Mux_2way_4bit
INFO: [VRFC 10-163] Analyzing VHDL file "D:/Sahiru/Lab9/NanoProcessor/NanoProcessor/NanoProcessor.srcs/sources_1/imports/Sahiru/Lab9/NanoProcessor/Mux_8way_4bit/Mux_8way_4bit.srcs/sources_1/imports/new/Mux_8_to_1.vhd" into library xil_defaultlib
INFO: [VRFC 10-307] analyzing entity Mux_8_to_1
INFO: [VRFC 10-163] Analyzing VHDL file "D:/Sahiru/Lab9/NanoProcessor/NanoProcessor/NanoProcessor.srcs/sources_1/imports/Sahiru/Lab9/NanoProcessor/Mux_8way_4bit/Mux_8way_4bit.srcs/sources_1/new/Mux_8way_4bit.vhd" into library xil_defaultlib
INFO: [VRFC 10-307] analyzing entity Mux_8way_4bit
INFO: [VRFC 10-163] Analyzing VHDL file "D:/Sahiru/Lab9/NanoProcessor/NanoProcessor/NanoProcessor.srcs/sources_1/imports/Sahiru/Lab9/Pamudu/Program Counter/programcounter.srcs/sources_1/new/PC.vhd" into library xil_defaultlib
INFO: [VRFC 10-307] analyzing entity PC
INFO: [VRFC 10-163] Analyzing VHDL file "D:/Sahiru/Lab9/NanoProcessor/NanoProcessor/NanoProcessor.srcs/sources_1/imports/Sahiru/LabFiles/New folder/Lab3/Lab3.srcs/sources_1/new/RCA_4.vhd" into library xil_defaultlib
INFO: [VRFC 10-307] analyzing entity RCA_4
INFO: [VRFC 10-163] Analyzing VHDL file "D:/Sahiru/Lab9/NanoProcessor/NanoProcessor/NanoProcessor.srcs/sources_1/imports/Sahiru/Lab9/Add_sub_4bit/add_sub_4bit/add_sub_4bit.srcs/sources_1/new/add_sub_4bit.vhd" into library xil_defaultlib
INFO: [VRFC 10-307] analyzing entity add_sub_4bit
INFO: [VRFC 10-163] Analyzing VHDL file "D:/Sahiru/Lab9/NanoProcessor/NanoProcessor/NanoProcessor.srcs/sources_1/imports/Sahiru/Lab9/bit4reg/bit4reg/bit4reg.srcs/sources_1/new/bit4reg.vhd" into library xil_defaultlib
INFO: [VRFC 10-307] analyzing entity bit4reg
INFO: [VRFC 10-163] Analyzing VHDL file "D:/Sahiru/Lab9/NanoProcessor/NanoProcessor/NanoProcessor.srcs/sources_1/imports/Sahiru/Lab9/In_decoder/In_decoder/In_decoder.srcs/sources_1/new/instrctuion_decoder.vhd" into library xil_defaultlib
INFO: [VRFC 10-307] analyzing entity instrctuion_decoder
INFO: [VRFC 10-163] Analyzing VHDL file "D:/Sahiru/Lab9/NanoProcessor/NanoProcessor/NanoProcessor.srcs/sources_1/imports/Sahiru/Lab9/bit4reg/bit4reg/bit4reg.srcs/sources_1/new/register_bank.vhd" into library xil_defaultlib
INFO: [VRFC 10-307] analyzing entity register_bank
